20230511	12:25:30	function v4(options, buf, offset) {
  if (_native.default.randomUUID && !buf && !options) {
    return _native.default.randomUUID();
  }

  options = options || {};

  const rnds = options.random || (options.rng || _rng.default)(); // Per 4.4, set bits for version and `clock_seq_hi_and_reserved`


  rnds[6] = rnds[6] & 0x0f | 0x40;
  rnds[8] = rnds[8] & 0x3f | 0x80; // Copy bytes to buffer, if provided

  if (buf) {
    offset = offset || 0;

    for (let i = 0; i < 16; ++i) {
      buf[offset + i] = rnds[i];
    }

    return buf;
  }

  return (0, _stringify.unsafeStringify)(rnds);
}	TypeError: allowedOrigins.indexOf is not a function	POST	/api/register	undefined
20230511	12:27:32	function v4(options, buf, offset) {
  if (_native.default.randomUUID && !buf && !options) {
    return _native.default.randomUUID();
  }

  options = options || {};

  const rnds = options.random || (options.rng || _rng.default)(); // Per 4.4, set bits for version and `clock_seq_hi_and_reserved`


  rnds[6] = rnds[6] & 0x0f | 0x40;
  rnds[8] = rnds[8] & 0x3f | 0x80; // Copy bytes to buffer, if provided

  if (buf) {
    offset = offset || 0;

    for (let i = 0; i < 16; ++i) {
      buf[offset + i] = rnds[i];
    }

    return buf;
  }

  return (0, _stringify.unsafeStringify)(rnds);
}	TypeError: allowedOrigins.indexOf is not a function	POST	/api/register	undefined
